c:\users\mart1\source\repos\12\project_rpm\projectmain\x64\debug\vc143.pdb
c:\users\mart1\source\repos\12\project_rpm\projectmain\x64\debug\vc143.idb
c:\users\mart1\source\repos\12\project_rpm\projectmain\x64\debug\tester.obj
c:\users\mart1\source\repos\12\project_rpm\projectmain\x64\debug\teamleader.obj
c:\users\mart1\source\repos\12\project_rpm\projectmain\x64\debug\seniormanager.obj
c:\users\mart1\source\repos\12\project_rpm\projectmain\x64\debug\projectmain.obj
c:\users\mart1\source\repos\12\project_rpm\projectmain\x64\debug\programmer.obj
c:\users\mart1\source\repos\12\project_rpm\projectmain\x64\debug\personal.obj
c:\users\mart1\source\repos\12\project_rpm\projectmain\x64\debug\projectmanager.obj
c:\users\mart1\source\repos\12\project_rpm\projectmain\x64\debug\factory.obj
c:\users\mart1\source\repos\12\project_rpm\projectmain\x64\debug\engineer.obj
c:\users\mart1\source\repos\12\project_rpm\projectmain\x64\debug\employeemanagementsystem.obj
c:\users\mart1\source\repos\12\project_rpm\projectmain\x64\debug\employee.obj
c:\users\mart1\source\repos\12\project_rpm\projectmain\x64\debug\driver.obj
c:\users\mart1\source\repos\12\project_rpm\projectmain\x64\debug\cleaner.obj
c:\users\mart1\source\repos\12\project_rpm\x64\debug\projectmain.exe
c:\users\mart1\source\repos\12\project_rpm\x64\debug\projectmain.pdb
c:\users\mart1\source\repos\12\project_rpm\projectmain\x64\debug\projectmain.ilk
c:\users\mart1\source\repos\12\project_rpm\projectmain\x64\debug\projectmain.tlog\cl.command.1.tlog
c:\users\mart1\source\repos\12\project_rpm\projectmain\x64\debug\projectmain.tlog\cl.items.tlog
c:\users\mart1\source\repos\12\project_rpm\projectmain\x64\debug\projectmain.tlog\cl.read.1.tlog
c:\users\mart1\source\repos\12\project_rpm\projectmain\x64\debug\projectmain.tlog\cl.write.1.tlog
c:\users\mart1\source\repos\12\project_rpm\projectmain\x64\debug\projectmain.tlog\link.command.1.tlog
c:\users\mart1\source\repos\12\project_rpm\projectmain\x64\debug\projectmain.tlog\link.read.1.tlog
c:\users\mart1\source\repos\12\project_rpm\projectmain\x64\debug\projectmain.tlog\link.secondary.1.tlog
c:\users\mart1\source\repos\12\project_rpm\projectmain\x64\debug\projectmain.tlog\link.write.1.tlog
